0 info it worked if it ends with ok
1 verbose cli [ '/usr/local/bin/node',
1 verbose cli   '/usr/local/bin/npm',
1 verbose cli   'update',
1 verbose cli   '-g',
1 verbose cli   'bower' ]
2 info using npm@1.4.21
3 info using node@v0.10.30
4 verbose request where is /bower
5 verbose request registry https://registry.npmjs.org/
6 verbose request id e4155033389cd108
7 verbose url raw /bower
8 verbose url resolving [ 'https://registry.npmjs.org/', './bower' ]
9 verbose url resolved https://registry.npmjs.org/bower
10 verbose request where is https://registry.npmjs.org/bower
11 info trying registry request attempt 1 at 10:47:10
12 http GET https://registry.npmjs.org/bower
13 http 200 https://registry.npmjs.org/bower
14 silly registry.get cb [ 200,
14 silly registry.get   { date: 'Fri, 14 Nov 2014 17:47:10 GMT',
14 silly registry.get     server: 'CouchDB/1.5.0 (Erlang OTP/R16B03)',
14 silly registry.get     etag: '"E6RX7PHVG3Z88XPFXE90YNP2S"',
14 silly registry.get     'content-type': 'application/json',
14 silly registry.get     'cache-control': 'max-age=60',
14 silly registry.get     'content-length': '105409',
14 silly registry.get     'accept-ranges': 'bytes',
14 silly registry.get     via: '1.1 varnish',
14 silly registry.get     age: '56',
14 silly registry.get     'x-served-by': 'cache-sjc3129-SJC',
14 silly registry.get     'x-cache': 'HIT',
14 silly registry.get     'x-cache-hits': '2',
14 silly registry.get     'x-timer': 'S1415987230.430980,VS0,VE0',
14 silly registry.get     vary: 'Accept',
14 silly registry.get     'keep-alive': 'timeout=10, max=50',
14 silly registry.get     connection: 'Keep-Alive' } ]
15 info outdated updating [ [ '/usr/local/lib', 'bower', '1.3.8', '1.3.12', '1.3.12', 'latest' ] ]
16 verbose install where,what [ '/usr/local/lib', [ 'bower@1.3.12' ] ]
17 verbose cache add [ 'bower@1.3.12', null ]
18 verbose cache add name=undefined spec="bower@1.3.12" args=["bower@1.3.12",null]
19 verbose parsed url { protocol: null,
19 verbose parsed url   slashes: null,
19 verbose parsed url   auth: null,
19 verbose parsed url   host: null,
19 verbose parsed url   port: null,
19 verbose parsed url   hostname: null,
19 verbose parsed url   hash: null,
19 verbose parsed url   search: null,
19 verbose parsed url   query: null,
19 verbose parsed url   pathname: 'bower@1.3.12',
19 verbose parsed url   path: 'bower@1.3.12',
19 verbose parsed url   href: 'bower@1.3.12' }
20 verbose cache add name="bower" spec="1.3.12" args=["bower","1.3.12"]
21 verbose parsed url { protocol: null,
21 verbose parsed url   slashes: null,
21 verbose parsed url   auth: null,
21 verbose parsed url   host: null,
21 verbose parsed url   port: null,
21 verbose parsed url   hostname: null,
21 verbose parsed url   hash: null,
21 verbose parsed url   search: null,
21 verbose parsed url   query: null,
21 verbose parsed url   pathname: '1.3.12',
21 verbose parsed url   path: '1.3.12',
21 verbose parsed url   href: '1.3.12' }
22 verbose addNamed [ 'bower', '1.3.12' ]
23 verbose addNamed [ '1.3.12', '1.3.12' ]
24 silly lockFile 9819431c-bower-1-3-12 bower@1.3.12
25 verbose lock bower@1.3.12 /Users/Foxtail/.npm/9819431c-bower-1-3-12.lock
26 verbose registry.get https://registry.npmjs.org/bower not expired, no request
27 silly lockFile b05fd70b-npmjs-org-bower-bower-1-3-12-tgz https://registry.npmjs.org/bower/-/bower-1.3.12.tgz
28 verbose lock https://registry.npmjs.org/bower/-/bower-1.3.12.tgz /Users/Foxtail/.npm/b05fd70b-npmjs-org-bower-bower-1-3-12-tgz.lock
29 verbose addRemoteTarball [ 'https://registry.npmjs.org/bower/-/bower-1.3.12.tgz',
29 verbose addRemoteTarball   '37de0edb3904baf90aee13384a1a379a05ee214c' ]
30 info retry fetch attempt 1 at 10:47:10
31 verbose fetch to= /var/folders/m7/rhtfxj2j74qbyhn_rwcvk5l00000gn/T/npm-2280-UNcJWSrG/registry.npmjs.org/bower/-/bower-1.3.12.tgz
32 http GET https://registry.npmjs.org/bower/-/bower-1.3.12.tgz
33 http 200 https://registry.npmjs.org/bower/-/bower-1.3.12.tgz
34 silly lockFile b05fd70b-npmjs-org-bower-bower-1-3-12-tgz https://registry.npmjs.org/bower/-/bower-1.3.12.tgz
35 silly lockFile b05fd70b-npmjs-org-bower-bower-1-3-12-tgz https://registry.npmjs.org/bower/-/bower-1.3.12.tgz
36 silly lockFile 9819431c-bower-1-3-12 bower@1.3.12
37 silly lockFile 9819431c-bower-1-3-12 bower@1.3.12
38 silly resolved [ { name: 'bower',
38 silly resolved     version: '1.3.12',
38 silly resolved     description: 'The browser package manager',
38 silly resolved     author: { name: 'Twitter' },
38 silly resolved     licenses: [ [Object] ],
38 silly resolved     repository: { type: 'git', url: 'https://github.com/bower/bower' },
38 silly resolved     main: 'lib',
38 silly resolved     homepage: 'http://bower.io',
38 silly resolved     engines: { node: '>=0.10.0' },
38 silly resolved     dependencies:
38 silly resolved      { abbrev: '~1.0.4',
38 silly resolved        archy: '0.0.2',
38 silly resolved        'bower-config': '~0.5.2',
38 silly resolved        'bower-endpoint-parser': '~0.2.2',
38 silly resolved        'bower-json': '~0.4.0',
38 silly resolved        'bower-logger': '~0.2.2',
38 silly resolved        'bower-registry-client': '~0.2.0',
38 silly resolved        cardinal: '0.4.0',
38 silly resolved        chalk: '0.5.0',
38 silly resolved        chmodr: '0.1.0',
38 silly resolved        'decompress-zip': '0.0.8',
38 silly resolved        fstream: '~1.0.2',
38 silly resolved        'fstream-ignore': '~1.0.1',
38 silly resolved        glob: '~4.0.2',
38 silly resolved        'graceful-fs': '~3.0.1',
38 silly resolved        handlebars: '~2.0.0',
38 silly resolved        inquirer: '0.7.1',
38 silly resolved        insight: '0.4.3',
38 silly resolved        'is-root': '~1.0.0',
38 silly resolved        junk: '~1.0.0',
38 silly resolved        lockfile: '~1.0.0',
38 silly resolved        'lru-cache': '~2.5.0',
38 silly resolved        mkdirp: '0.5.0',
38 silly resolved        mout: '~0.9.0',
38 silly resolved        nopt: '~3.0.0',
38 silly resolved        opn: '~1.0.0',
38 silly resolved        osenv: '0.1.0',
38 silly resolved        'p-throttler': '0.1.0',
38 silly resolved        promptly: '0.2.0',
38 silly resolved        q: '~1.0.1',
38 silly resolved        request: '~2.42.0',
38 silly resolved        'request-progress': '0.3.0',
38 silly resolved        retry: '0.6.0',
38 silly resolved        rimraf: '~2.2.0',
38 silly resolved        semver: '~2.3.0',
38 silly resolved        'shell-quote': '~1.4.1',
38 silly resolved        'stringify-object': '~1.0.0',
38 silly resolved        'tar-fs': '0.5.2',
38 silly resolved        tmp: '0.0.23',
38 silly resolved        'update-notifier': '0.2.0',
38 silly resolved        which: '~1.0.5' },
38 silly resolved     devDependencies:
38 silly resolved      { coveralls: '~2.11.0',
38 silly resolved        'expect.js': '~0.3.1',
38 silly resolved        grunt: '~0.4.4',
38 silly resolved        'grunt-cli': '^0.1.13',
38 silly resolved        'grunt-contrib-jshint': '~0.10.0',
38 silly resolved        'grunt-contrib-watch': '~0.6.1',
38 silly resolved        'grunt-exec': '~0.4.2',
38 silly resolved        'grunt-simple-mocha': '~0.4.0',
38 silly resolved        istanbul: '~0.3.2',
38 silly resolved        'load-grunt-tasks': '~0.6.0',
38 silly resolved        mocha: '~1.21.4',
38 silly resolved        nock: '~0.46.0',
38 silly resolved        'node-uuid': '~1.4.1',
38 silly resolved        proxyquire: '~1.0.1' },
38 silly resolved     scripts: { test: 'grunt test' },
38 silly resolved     bin: { bower: 'bin/bower' },
38 silly resolved     preferGlobal: true,
38 silly resolved     gitHead: 'b26c072f0db054a1902ec4d2e3726dbf8a1c799a',
38 silly resolved     bugs: { url: 'https://github.com/bower/bower/issues' },
38 silly resolved     _id: 'bower@1.3.12',
38 silly resolved     _shasum: '37de0edb3904baf90aee13384a1a379a05ee214c',
38 silly resolved     _from: 'bower@1.3.12',
38 silly resolved     _npmVersion: '2.0.0',
38 silly resolved     _npmUser: { name: 'sheerun', email: 'sheerun@sher.pl' },
38 silly resolved     maintainers: [ [Object], [Object], [Object], [Object], [Object], [Object] ],
38 silly resolved     dist:
38 silly resolved      { shasum: '37de0edb3904baf90aee13384a1a379a05ee214c',
38 silly resolved        tarball: 'http://registry.npmjs.org/bower/-/bower-1.3.12.tgz' },
38 silly resolved     directories: {},
38 silly resolved     _resolved: 'https://registry.npmjs.org/bower/-/bower-1.3.12.tgz' } ]
39 info install bower@1.3.12 into /usr/local/lib
40 info installOne bower@1.3.12
41 verbose lib/node_modules/bower unbuild
42 info preuninstall bower@1.3.8
43 info uninstall bower@1.3.8
44 verbose true,/usr/local/lib/node_modules,/usr/local/lib/node_modules unbuild bower@1.3.8
45 verbose /usr/local/bin,[object Object] binRoot
46 verbose lib/node_modules/bower unbuild
47 info preuninstall bower@1.3.8
48 info uninstall bower@1.3.8
49 verbose true,/usr/local/lib/node_modules,/usr/local/lib/node_modules unbuild bower@1.3.8
50 verbose /usr/local/bin,[object Object] binRoot
51 error error rolling back Error: EACCES, unlink '/usr/local/bin/bower'
51 error error rolling back  bower@1.3.12 { [Error: EACCES, unlink '/usr/local/bin/bower'] errno: 3, code: 'EACCES', path: '/usr/local/bin/bower' }
52 error Error: EACCES, unlink '/usr/local/bin/bower'
52 error  { [Error: EACCES, unlink '/usr/local/bin/bower'] errno: 3, code: 'EACCES', path: '/usr/local/bin/bower' }
53 error Please try running this command again as root/Administrator.
54 error System Darwin 14.0.0
55 error command "/usr/local/bin/node" "/usr/local/bin/npm" "update" "-g" "bower"
56 error cwd /Users/Foxtail/GitHub/style-guidance-icons
57 error node -v v0.10.30
58 error npm -v 1.4.21
59 error path /usr/local/bin/bower
60 error code EACCES
61 error errno 3
62 error stack Error: EACCES, unlink '/usr/local/bin/bower'
63 verbose exit [ 3, true ]
